<?xml version="1.0" encoding="UTF-8"?>
<!-- Generated by org.testng.reporters.JUnitReportReporter -->
<testsuite hostname="LAPTOP-R4KD4R46" failures="0" tests="1" name="com.rmgyantra.projecttest.AddProjectWithCreatedStatus" time="0.134" errors="0" timestamp="2021-11-12T22:41:58 IST" skipped="0">
  <testcase classname="com.rmgyantra.projecttest.AddProjectWithCreatedStatus" name="addProjectWithCreatedStatus" time="0.134"/>
  <system-out/>
</testsuite> <!-- com.rmgyantra.projecttest.AddProjectWithCreatedStatus -->
