<?xml version="1.0" encoding="UTF-8"?>
<!-- Generated by org.testng.reporters.JUnitReportReporter -->
<testsuite hostname="LAPTOP-R4KD4R46" failures="0" tests="1" name="com.rmgyantra.projecttest.AddProjectWithonGoingStatus" time="4.345" errors="0" timestamp="2021-11-12T22:41:58 IST" skipped="0">
  <testcase classname="com.rmgyantra.projecttest.AddProjectWithonGoingStatus" name="addProjectWithCompletedStatus" time="4.345"/>
  <system-out/>
</testsuite> <!-- com.rmgyantra.projecttest.AddProjectWithonGoingStatus -->
