<?xml version="1.0" encoding="UTF-8"?>
<!-- Generated by org.testng.reporters.JUnitReportReporter -->
<testsuite hostname="LAPTOP-R4KD4R46" failures="0" tests="1" name="com.rmgyantra.ProjectE2ETest.Create_Project_And_Allocate_User" time="8.773" errors="0" timestamp="2021-11-12T18:10:40 IST" skipped="0">
  <testcase classname="com.rmgyantra.ProjectE2ETest.Create_Project_And_Allocate_User" name="createProjectAndAllocateUser" time="8.773"/>
  <system-out/>
</testsuite> <!-- com.rmgyantra.ProjectE2ETest.Create_Project_And_Allocate_User -->
